d:\tudor\desktop\teme-egc\visual studio\obj\x64\debug\framework_egc\camerainput.obj
d:\tudor\desktop\teme-egc\visual studio\obj\x64\debug\framework_egc\gpubuffers.obj
d:\tudor\desktop\teme-egc\visual studio\obj\x64\debug\framework_egc\inputcontroller.obj
d:\tudor\desktop\teme-egc\visual studio\obj\x64\debug\framework_egc\gl.obj
d:\tudor\desktop\teme-egc\visual studio\obj\x64\debug\framework_egc\line.obj
d:\tudor\desktop\teme-egc\visual studio\obj\x64\debug\framework_egc\sceneinput.obj
d:\tudor\desktop\teme-egc\visual studio\obj\x64\debug\framework_egc\mesh.obj
d:\tudor\desktop\teme-egc\visual studio\obj\x64\debug\framework_egc\windowobject.obj
d:\tudor\desktop\teme-egc\visual studio\obj\x64\debug\framework_egc\asteroid.obj
d:\tudor\desktop\teme-egc\visual studio\obj\x64\debug\framework_egc\homework1.obj
d:\tudor\desktop\teme-egc\visual studio\obj\x64\debug\framework_egc\engine.obj
d:\tudor\desktop\teme-egc\visual studio\obj\x64\debug\framework_egc\shader.obj
d:\tudor\desktop\teme-egc\visual studio\obj\x64\debug\framework_egc\texturemanager.obj
d:\tudor\desktop\teme-egc\visual studio\obj\x64\debug\framework_egc\world.obj
d:\tudor\desktop\teme-egc\visual studio\obj\x64\debug\framework_egc\object.obj
d:\tudor\desktop\teme-egc\visual studio\obj\x64\debug\framework_egc\simplescene.obj
d:\tudor\desktop\teme-egc\visual studio\obj\x64\debug\framework_egc\texture2d.obj
d:\tudor\desktop\teme-egc\visual studio\obj\x64\debug\framework_egc\windowcallbacks.obj
d:\tudor\desktop\teme-egc\visual studio\obj\x64\debug\framework_egc\main.obj
d:\tudor\desktop\teme-egc\visual studio\obj\x64\debug\framework_egc\vc141.pdb
d:\tudor\desktop\teme-egc\x64\debug\framework_egc.ilk
d:\tudor\desktop\teme-egc\x64\debug\framework_egc.exe
d:\tudor\desktop\teme-egc\x64\debug\framework_egc.pdb
d:\tudor\desktop\teme-egc\visual studio\..\x64\debug\framework_egc.exe
d:\tudor\desktop\teme-egc\visual studio\obj\x64\debug\framework_egc\framework_egc.tlog\cl.command.1.tlog
d:\tudor\desktop\teme-egc\visual studio\obj\x64\debug\framework_egc\framework_egc.tlog\cl.read.1.tlog
d:\tudor\desktop\teme-egc\visual studio\obj\x64\debug\framework_egc\framework_egc.tlog\cl.write.1.tlog
d:\tudor\desktop\teme-egc\visual studio\obj\x64\debug\framework_egc\framework_egc.tlog\link.command.1.tlog
d:\tudor\desktop\teme-egc\visual studio\obj\x64\debug\framework_egc\framework_egc.tlog\link.read.1.tlog
d:\tudor\desktop\teme-egc\visual studio\obj\x64\debug\framework_egc\framework_egc.tlog\link.write.1.tlog
